20190819 10:51:59 Correcto: Usuario: 1 Consulto Aplicaciones
20190819 10:52:55 Correcto: Usuario: 1 Consulto Areas
20190819 10:52:55 Consulta correcta apliación: BD 0
20190819 11:02:10 Correcto: Usuario: 1 Consulto Aplicaciones
20190819 11:02:15 Correcto: Usuario: 1 Consulto Areas
20190819 11:02:16 Consulta correcta apliación: BD 0
20190819 11:09:16 Correcto: Usuario: 1 Consulto Aplicaciones
20190819 11:09:20 Correcto: Usuario: 1 Consulto Areas
20190819 11:09:20 Consulta correcta apliación: BD 0
20190819 11:11:09 Correcto: Usuario: 1 Consulto Aplicaciones
20190819 11:11:12 Correcto: Usuario: 1 Consulto Areas
20190819 11:11:12 Consulta correcta apliación: BD 0
20190819 11:14:30 Correcto: Usuario: 1 Consulto Aplicaciones
20190819 11:14:32 Correcto: Usuario: 1 Consulto Areas
20190819 11:14:33 Consulta correcta apliación: BD 0
20190819 11:18:00 Correcto: Usuario: 1 Consulto Areas
20190819 11:18:01 Consulta correcta apliación: BD 0
20190819 11:20:14 Correcto: Usuario: 1 Consulto Aplicaciones
20190819 11:20:18 Correcto: Usuario: 1 Consulto Areas
20190819 11:20:18 Consulta correcta apliación: BD 0
20190819 11:21:24 Correcto: Usuario: 1 Consulto Aplicaciones
20190819 11:21:26 Correcto: Usuario: 1 Consulto Areas
20190819 11:21:27 Consulta correcta apliación: BD 0
20190819 11:23:01 Correcto: Usuario: 1 Consulto Areas
20190819 11:23:02 Consulta correcta apliación: BD 0
20190819 11:24:13 Correcto: Usuario: 1 Consulto Areas
20190819 11:24:13 Consulta correcta apliación: BD 0
20190819 11:26:20 Correcto: Usuario: 1 Consulto Areas
20190819 11:26:20 Consulta correcta apliación: BD 0
20190819 11:29:43 Correcto: Usuario: 1 Consulto Aplicaciones
20190819 11:29:47 Correcto: Usuario: 1 Consulto Areas
20190819 11:29:47 Consulta correcta apliación: BD 0
20190819 11:32:05 Correcto: Usuario: 1 Consulto Aplicaciones
20190819 11:32:09 Correcto: Usuario: 1 Consulto Areas
20190819 11:32:09 Consulta correcta apliación: BD 0
20190819 11:35:41 Correcto: Usuario: 1 Consulto Areas
20190819 11:35:42 Consulta correcta apliación: BD 0
20190819 11:37:01 Correcto: Usuario: 1 Consulto Aplicaciones
20190819 11:37:06 Correcto: Usuario: 1 Consulto Areas
20190819 11:37:06 Consulta correcta apliación: BD 0
20190819 11:37:10 Correcto: Usuario: 1 Consulto Areas
20190819 11:37:10 Consulta correcta apliación: BD 0
20190819 11:38:19 Correcto: Usuario: 1 Consulto Areas
20190819 11:38:19 Consulta correcta apliación: BD 0
20190819 12:24:39 Correcto: Usuario: 1 Consulto Aplicaciones
20190819 12:24:53 Correcto: Usuario: 1 Consulto Areas
20190819 12:24:54 Consulta correcta apliación: BD 0
20190819 12:42:40 Correcto: Usuario: 1 Consulto Aplicaciones
20190819 12:42:52 Correcto: Usuario: 1 Consulto Areas
20190819 12:42:53 Consulta correcta apliación: BD 0
20190819 12:47:13 Correcto: Usuario: 1 Consulto Aplicaciones
20190819 12:47:17 Correcto: Usuario: 1 Consulto Areas
20190819 12:47:17 Consulta correcta apliación: BD 0
20190819 13:09:37 Correcto: Usuario: 1 Consulto Aplicaciones
20190819 13:09:45 Correcto: Usuario: 1 Consulto Areas
20190819 13:09:46 Consulta correcta apliación: BD 0
20190819 13:18:08 Correcto: Usuario: 1 Consulto Aplicaciones
20190819 13:18:16 Correcto: Usuario: 1 Consulto Areas
20190819 13:18:17 Consulta correcta apliación: BD 0
20190819 13:29:15 Correcto: Usuario: 1 Consulto Aplicaciones
20190819 13:29:46 Correcto: Usuario: 1 Consulto Areas
20190819 13:29:46 Consulta correcta apliación: BD 0
20190819 13:32:50 Correcto: Usuario: 1 Consulto Aplicaciones
20190819 13:33:25 Correcto: Usuario: 1 Consulto Areas
20190819 13:33:25 Consulta correcta apliación: BD 0
20190819 13:38:53 Correcto: Usuario: 1 Consulto Aplicaciones
20190819 13:39:01 Correcto: Usuario: 1 Consulto Areas
20190819 13:39:02 Consulta correcta apliación: BD 0
20190819 13:48:23 Correcto: Usuario: 1 Consulto Aplicaciones
20190819 13:48:31 Correcto: Usuario: 1 Consulto Areas
20190819 13:48:33 Excepcion: DatosDependecias.TablaUsosConsulta Object reference not set to an instance of an object.
20190819 13:50:13 Correcto: Usuario: 1 Consulto Aplicaciones
20190819 13:50:18 Correcto: Usuario: 1 Consulto Areas
20190819 13:50:22 Excepcion: DatosDependecias.TablaUsosConsulta Object reference not set to an instance of an object.
20190819 13:50:32 Correcto: Usuario: 1 Consulto Aplicaciones
20190819 13:50:35 Correcto: Usuario: 1 Consulto Areas
20190819 13:50:49 Excepcion: DatosDependecias.TablaUsosConsulta Object reference not set to an instance of an object.
20190819 13:51:34 Correcto: Usuario: 1 Consulto Aplicaciones
20190819 13:51:41 Correcto: Usuario: 1 Consulto Areas
20190819 13:52:20 Excepcion: DatosDependecias.TablaUsosConsulta The connection was not closed. The connection's current state is open.
20190819 13:53:25 Excepcion: DatosDependecias.TablaUsosConsulta The connection was not closed. The connection's current state is open.
20190819 13:55:11 Correcto: Usuario: 1 Consulto Aplicaciones
20190819 13:55:27 Correcto: Usuario: 1 Consulto Areas
20190819 13:55:36 Excepcion: DatosDependecias.TablaUsosConsulta Object reference not set to an instance of an object.
20190819 13:57:37 Correcto: Usuario: 1 Consulto Areas
20190819 13:58:55 Excepcion: DatosDependecias.TablaUsosConsulta Object reference not set to an instance of an object.
20190819 15:13:52 Correcto: Usuario: 1 Consulto Aplicaciones
20190819 15:14:00 Correcto: Usuario: 1 Consulto Areas
20190819 15:14:54 Excepcion: DatosDependecias.TablaUsosConsulta Object reference not set to an instance of an object.
20190819 15:15:16 Correcto: Usuario: 1 Consulto Aplicaciones
20190819 15:15:20 Correcto: Usuario: 1 Consulto Areas
20190819 15:17:39 Excepcion: DatosDependecias.TablaUsosConsulta Object reference not set to an instance of an object.
20190819 15:21:07 Correcto: Usuario: 1 Consulto Aplicaciones
20190819 15:21:15 Correcto: Usuario: 1 Consulto Areas
20190819 15:21:27 Excepcion: DatosDependecias.TablaUsosConsulta Object reference not set to an instance of an object.
20190819 15:23:48 Correcto: Usuario: 1 Consulto Aplicaciones
20190819 15:23:55 Correcto: Usuario: 1 Consulto Areas
20190819 15:24:05 Correcto: Usuario: 1 Consulto Tabla usos
20190819 15:40:59 Correcto: Usuario: 1 Consulto Aplicaciones
20190819 15:41:04 Correcto: Usuario: 1 Consulto Areas
20190819 15:41:13 Correcto: Usuario: 1 Consulto Tabla usos
20190819 15:46:15 Correcto: Usuario: 1 Consulto Areas
20190819 15:46:15 Correcto: Usuario: 1 Consulto Tabla usos
20190819 15:49:15 Correcto: Usuario: 1 Consulto Aplicaciones
20190819 15:49:17 Correcto: Usuario: 1 Consulto Areas
20190819 15:49:21 Correcto: Usuario: 1 Consulto Tabla usos
20190819 15:50:52 Correcto: Usuario: 1 Consulto Areas
20190819 15:50:56 Consulta correcta apliación: BD 0
20190819 15:53:58 Correcto: Usuario: 1 Consulto Areas
20190819 15:53:58 Correcto: Usuario: 1 Consulto Tabla usos
20190819 15:54:50 Correcto: Usuario: 1 Consulto Areas
20190819 15:54:50 Correcto: Usuario: 1 Consulto Tabla usos
20190819 15:56:25 Correcto: Usuario: 1 Consulto Areas
20190819 15:56:25 Correcto: Usuario: 1 Consulto Tabla usos
20190819 16:00:01 Correcto: Usuario: 1 Consulto Areas
20190819 16:00:01 Correcto: Usuario: 1 Consulto Tabla usos
20190819 16:06:29 Correcto: Usuario: 1 Consulto Areas
20190819 16:06:29 Correcto: Usuario: 1 Consulto Tabla usos
20190819 16:12:25 Correcto: Usuario: 1 Consulto Areas
20190819 16:12:25 Correcto: Usuario: 1 Consulto Tabla usos
